D:\USERS\DAVID04.LI\DESKTOP\SDM\SDM\X64\RELEASE\MAIN.OBJ
D:\USERS\DAVID04.LI\DESKTOP\SDM\SDM\X64\RELEASE\VC110.PDB
D:\USERS\DAVID04.LI\DESKTOP\SDM\X64\RELEASE\SDM.EXE
D:\Users\David04.li\Desktop\SDM\SDM\x64\Release\main.obj
D:\Users\David04.li\Desktop\SDM\SDM\x64\Release\cl.command.1.tlog
D:\Users\David04.li\Desktop\SDM\SDM\x64\Release\CL.read.1.tlog
D:\Users\David04.li\Desktop\SDM\SDM\x64\Release\CL.write.1.tlog
D:\Users\David04.li\Desktop\SDM\SDM\x64\Release\link.25428-cvtres.read.1.tlog
D:\Users\David04.li\Desktop\SDM\SDM\x64\Release\link.25428-cvtres.read.2.tlog
D:\Users\David04.li\Desktop\SDM\SDM\x64\Release\link.25428-cvtres.write.1.tlog
D:\Users\David04.li\Desktop\SDM\SDM\x64\Release\link.25428-rc.read.1.tlog
D:\Users\David04.li\Desktop\SDM\SDM\x64\Release\link.25428-rc.read.2.tlog
D:\Users\David04.li\Desktop\SDM\SDM\x64\Release\link.25428-rc.write.1.tlog
D:\Users\David04.li\Desktop\SDM\SDM\x64\Release\link.25428.read.1.tlog
D:\Users\David04.li\Desktop\SDM\SDM\x64\Release\link.25428.write.1.tlog
D:\Users\David04.li\Desktop\SDM\SDM\x64\Release\link.58776-cvtres.read.1.tlog
D:\Users\David04.li\Desktop\SDM\SDM\x64\Release\link.58776-cvtres.read.2.tlog
D:\Users\David04.li\Desktop\SDM\SDM\x64\Release\link.58776-cvtres.write.1.tlog
D:\Users\David04.li\Desktop\SDM\SDM\x64\Release\link.58776-rc.read.1.tlog
D:\Users\David04.li\Desktop\SDM\SDM\x64\Release\link.58776-rc.read.2.tlog
D:\Users\David04.li\Desktop\SDM\SDM\x64\Release\link.58776-rc.write.1.tlog
D:\Users\David04.li\Desktop\SDM\SDM\x64\Release\link.58776.read.1.tlog
D:\Users\David04.li\Desktop\SDM\SDM\x64\Release\link.58776.write.1.tlog
D:\Users\David04.li\Desktop\SDM\SDM\x64\Release\link.59636-cvtres.read.1.tlog
D:\Users\David04.li\Desktop\SDM\SDM\x64\Release\link.59636-cvtres.read.2.tlog
D:\Users\David04.li\Desktop\SDM\SDM\x64\Release\link.59636-cvtres.write.1.tlog
D:\Users\David04.li\Desktop\SDM\SDM\x64\Release\link.59636-rc.read.1.tlog
D:\Users\David04.li\Desktop\SDM\SDM\x64\Release\link.59636-rc.read.2.tlog
D:\Users\David04.li\Desktop\SDM\SDM\x64\Release\link.59636-rc.write.1.tlog
D:\Users\David04.li\Desktop\SDM\SDM\x64\Release\link.59636.read.1.tlog
D:\Users\David04.li\Desktop\SDM\SDM\x64\Release\link.59636.write.1.tlog
D:\Users\David04.li\Desktop\SDM\SDM\x64\Release\link.59928-cvtres.read.1.tlog
D:\Users\David04.li\Desktop\SDM\SDM\x64\Release\link.59928-cvtres.read.2.tlog
D:\Users\David04.li\Desktop\SDM\SDM\x64\Release\link.59928-cvtres.write.1.tlog
D:\Users\David04.li\Desktop\SDM\SDM\x64\Release\link.59928-rc.read.1.tlog
D:\Users\David04.li\Desktop\SDM\SDM\x64\Release\link.59928-rc.read.2.tlog
D:\Users\David04.li\Desktop\SDM\SDM\x64\Release\link.59928-rc.write.1.tlog
D:\Users\David04.li\Desktop\SDM\SDM\x64\Release\link.59928.read.1.tlog
D:\Users\David04.li\Desktop\SDM\SDM\x64\Release\link.59928.write.1.tlog
D:\Users\David04.li\Desktop\SDM\SDM\x64\Release\link.command.1.tlog
D:\Users\David04.li\Desktop\SDM\SDM\x64\Release\link.read.1.tlog
D:\Users\David04.li\Desktop\SDM\SDM\x64\Release\link.write.1.tlog
D:\Users\David04.li\Desktop\SDM\SDM\x64\Release\vc110.pdb
D:\Users\David04.li\Desktop\SDM\x64\Release\SDM.exe
