生成启动时间为 2016/9/22 10:53:01。
     1>项目“D:\Users\David04.li\Desktop\SDM\SDM\SDM.vcxproj”在节点 2 上(Build 个目标)。
     1>ClCompile:
         C:\Program Files (x86)\Microsoft Visual Studio 11.0\VC\bin\x86_amd64\CL.exe /c /Iinclude /I"E:\Program Files\opencv2.4.10\opencv\build\include" /I"E:\Program Files\opencv2.4.10\opencv\build\include\opencv" /I"E:\Program Files\opencv2.4.10\opencv\build\include\opencv2" /Zi /nologo /W1 /WX- /O2 /Gm- /EHsc /MD /GS /fp:precise /Zc:wchar_t /Zc:forScope /Fo"x64\Release\\" /Fd"x64\Release\vc110.pdb" /Gd /TP /errorReport:prompt main.cpp
         main.cpp
     1>d:\users\david04.li\desktop\sdm\sdm\include\hog.h(26): warning C4005: “VL_EXPORT”: 宏重定义
                 d:\users\david04.li\desktop\sdm\sdm\include\hog.h(25) : 参见“VL_EXPORT”的前一个定义
       Link:
         C:\Program Files (x86)\Microsoft Visual Studio 11.0\VC\bin\x86_amd64\link.exe /ERRORREPORT:PROMPT /OUT:"D:\Users\David04.li\Desktop\SDM\x64\Release\SDM.exe" /NOLOGO /LIBPATH:"E:\Program Files\opencv2.4.10\opencv\build\x64\vc11\bin" /LIBPATH:"E:\Program Files\opencv2.4.10\opencv\build\x64\vc11\lib" FaceDetect.lib SDMLocator.lib opencv_objdetect2410.lib opencv_ts2410.lib opencv_video2410.lib opencv_nonfree2410.lib opencv_ocl2410.lib opencv_photo2410.lib opencv_stitching2410.lib opencv_superres2410.lib opencv_videostab2410.lib opencv_calib3d2410.lib opencv_contrib2410.lib opencv_core2410.lib opencv_features2d2410.lib opencv_flann2410.lib opencv_gpu2410.lib opencv_highgui2410.lib opencv_imgproc2410.lib opencv_legacy2410.lib opencv_ml2410.lib kernel32.lib user32.lib gdi32.lib winspool.lib comdlg32.lib advapi32.lib shell32.lib ole32.lib oleaut32.lib uuid.lib odbc32.lib odbccp32.lib /MANIFEST /MANIFESTUAC:"level='asInvoker' uiAccess='false'" /manifest:embed /DEBUG /PDB:"D:\Users\David04.li\Desktop\SDM\x64\Release\SDM.pdb" /TLBID:1 /DYNAMICBASE /NXCOMPAT /IMPLIB:"D:\Users\David04.li\Desktop\SDM\x64\Release\SDM.lib" /MACHINE:X64 x64\Release\main.obj
         FaceDetect.lib(hpfacedetectorwrapper.obj) : 找到 MSIL .netmodule 或使用 /GL 编译的模块；正在使用 /LTCG 重新启动链接；将 /LTCG 添加到链接命令行以改进链接器性能
         正在生成代码
         已完成代码的生成
     1>FaceDetect.lib(hpfacedetectorwrapper.obj) : warning LNK4099: 未找到 PDB“vc110.pdb”(使用“FaceDetect.lib(hpfacedetectorwrapper.obj)”或在“D:\Users\David04.li\Desktop\SDM\x64\Release\vc110.pdb”中寻找)；正在链接对象，如同没有调试信息一样
     1>FaceDetect.lib(face_detect_lib.obj) : warning LNK4099: 未找到 PDB“vc110.pdb”(使用“FaceDetect.lib(face_detect_lib.obj)”或在“D:\Users\David04.li\Desktop\SDM\x64\Release\vc110.pdb”中寻找)；正在链接对象，如同没有调试信息一样
     1>FaceDetect.lib(FaceDetect.obj) : warning LNK4099: 未找到 PDB“vc110.pdb”(使用“FaceDetect.lib(FaceDetect.obj)”或在“D:\Users\David04.li\Desktop\SDM\x64\Release\vc110.pdb”中寻找)；正在链接对象，如同没有调试信息一样
     1>FaceDetect.lib(StaticDetector.obj) : warning LNK4099: 未找到 PDB“vc110.pdb”(使用“FaceDetect.lib(StaticDetector.obj)”或在“D:\Users\David04.li\Desktop\SDM\x64\Release\vc110.pdb”中寻找)；正在链接对象，如同没有调试信息一样
     1>SDMLocator.lib(SDMLocator.obj) : warning LNK4099: 未找到 PDB“vc110.pdb”(使用“SDMLocator.lib(SDMLocator.obj)”或在“D:\Users\David04.li\Desktop\SDM\x64\Release\vc110.pdb”中寻找)；正在链接对象，如同没有调试信息一样
     1>SDMLocator.lib(hog.obj) : warning LNK4099: 未找到 PDB“vc110.pdb”(使用“SDMLocator.lib(hog.obj)”或在“D:\Users\David04.li\Desktop\SDM\x64\Release\vc110.pdb”中寻找)；正在链接对象，如同没有调试信息一样
         SDM.vcxproj -> D:\Users\David04.li\Desktop\SDM\x64\Release\SDM.exe
     1>已完成生成项目“D:\Users\David04.li\Desktop\SDM\SDM\SDM.vcxproj”(Build 个目标)的操作。

生成成功。

已用时间 00:00:02.40
